<?xml version="1.0" encoding="UTF-8"?>
<!-- Generated by org.testng.reporters.JUnitReportReporter -->
<testsuite skipped="0" hostname="DESKTOP-I75CK6E" name="Test.Test.AppTest" tests="1" failures="0" timestamp="06 Jun 2021 09:03:21 GMT" time="0.007" errors="0">
  <testcase name="shouldAnswerWithTrue" time="0.007" classname="Test.Test.AppTest"/>
</testsuite> <!-- Test.Test.AppTest -->
